DEBUG main org.mybatis.generator.logging.LogFactory - Logging initialized using 'org.mybatis.generator.logging.slf4j.Slf4jLoggingLogFactory@4816278d' adapter.
DEBUG main org.mybatis.generator.internal.db.DatabaseIntrospector - Retrieving column information for table "admin"
DEBUG main org.mybatis.generator.internal.db.DatabaseIntrospector - Found column "adm_id", data type 12, in table "bookmgr..admin"
DEBUG main org.mybatis.generator.internal.db.DatabaseIntrospector - Found column "adm_password", data type 12, in table "bookmgr..admin"
DEBUG main org.mybatis.generator.internal.db.DatabaseIntrospector - Retrieving column information for table "class_info"
DEBUG main org.mybatis.generator.internal.db.DatabaseIntrospector - Found column "cid", data type 4, in table "mylibrary..class_info"
DEBUG main org.mybatis.generator.internal.db.DatabaseIntrospector - Found column "cname", data type 12, in table "mylibrary..class_info"
DEBUG main org.mybatis.generator.internal.db.DatabaseIntrospector - Retrieving column information for table "book_info"
DEBUG main org.mybatis.generator.internal.db.DatabaseIntrospector - Found column "book_id", data type 4, in table "mylibrary..book_info"
DEBUG main org.mybatis.generator.internal.db.DatabaseIntrospector - Found column "name", data type 12, in table "mylibrary..book_info"
DEBUG main org.mybatis.generator.internal.db.DatabaseIntrospector - Found column "author", data type 12, in table "mylibrary..book_info"
DEBUG main org.mybatis.generator.internal.db.DatabaseIntrospector - Found column "publish", data type 12, in table "mylibrary..book_info"
DEBUG main org.mybatis.generator.internal.db.DatabaseIntrospector - Found column "ISBN", data type 12, in table "mylibrary..book_info"
DEBUG main org.mybatis.generator.internal.db.DatabaseIntrospector - Found column "introduction", data type 12, in table "mylibrary..book_info"
DEBUG main org.mybatis.generator.internal.db.DatabaseIntrospector - Found column "language", data type 12, in table "mylibrary..book_info"
DEBUG main org.mybatis.generator.internal.db.DatabaseIntrospector - Found column "price", data type 8, in table "mylibrary..book_info"
DEBUG main org.mybatis.generator.internal.db.DatabaseIntrospector - Found column "pubdate", data type 12, in table "mylibrary..book_info"
DEBUG main org.mybatis.generator.internal.db.DatabaseIntrospector - Found column "cid", data type 4, in table "mylibrary..book_info"
DEBUG main org.mybatis.generator.internal.db.DatabaseIntrospector - Found column "stock", data type 4, in table "mylibrary..book_info"
DEBUG main org.mybatis.generator.internal.db.DatabaseIntrospector - Retrieving column information for table "lend_list"
DEBUG main org.mybatis.generator.internal.db.DatabaseIntrospector - Found column "id", data type 4, in table "mylibrary..lend_list"
DEBUG main org.mybatis.generator.internal.db.DatabaseIntrospector - Found column "reader_id", data type 12, in table "mylibrary..lend_list"
DEBUG main org.mybatis.generator.internal.db.DatabaseIntrospector - Found column "book_id", data type 4, in table "mylibrary..lend_list"
DEBUG main org.mybatis.generator.internal.db.DatabaseIntrospector - Found column "lend_date", data type 12, in table "mylibrary..lend_list"
DEBUG main org.mybatis.generator.internal.db.DatabaseIntrospector - Found column "back_date", data type 12, in table "mylibrary..lend_list"
DEBUG main org.mybatis.generator.internal.db.DatabaseIntrospector - Found column "fine", data type 8, in table "mylibrary..lend_list"
DEBUG main org.mybatis.generator.internal.db.DatabaseIntrospector - Found column "state", data type 12, in table "mylibrary..lend_list"
DEBUG main org.mybatis.generator.internal.db.DatabaseIntrospector - Retrieving column information for table "reader_info"
DEBUG main org.mybatis.generator.internal.db.DatabaseIntrospector - Found column "id", data type 4, in table "mylibrary..reader_info"
DEBUG main org.mybatis.generator.internal.db.DatabaseIntrospector - Found column "reader_id", data type 12, in table "mylibrary..reader_info"
DEBUG main org.mybatis.generator.internal.db.DatabaseIntrospector - Found column "name", data type 12, in table "mylibrary..reader_info"
DEBUG main org.mybatis.generator.internal.db.DatabaseIntrospector - Found column "password", data type 12, in table "mylibrary..reader_info"
DEBUG main org.mybatis.generator.internal.db.DatabaseIntrospector - Found column "sex", data type 12, in table "mylibrary..reader_info"
DEBUG main org.mybatis.generator.internal.db.DatabaseIntrospector - Found column "birthday", data type 12, in table "mylibrary..reader_info"
DEBUG main org.mybatis.generator.internal.db.DatabaseIntrospector - Found column "address", data type 12, in table "mylibrary..reader_info"
DEBUG main org.mybatis.generator.internal.db.DatabaseIntrospector - Found column "telephone", data type 12, in table "mylibrary..reader_info"
DEBUG main org.mybatis.generator.internal.db.DatabaseIntrospector - Found column "card_state", data type 4, in table "mylibrary..reader_info"
DEBUG main org.mybatis.generator.logging.LogFactory - Logging initialized using 'org.mybatis.generator.logging.slf4j.Slf4jLoggingLogFactory@4816278d' adapter.
DEBUG main org.mybatis.generator.internal.db.DatabaseIntrospector - Retrieving column information for table "admininfo"
DEBUG main org.mybatis.generator.internal.db.DatabaseIntrospector - Found column "admId", data type 12, in table "mylibrary..admininfo"
DEBUG main org.mybatis.generator.internal.db.DatabaseIntrospector - Found column "admPassword", data type 12, in table "mylibrary..admininfo"
DEBUG main org.mybatis.generator.internal.db.DatabaseIntrospector - Retrieving column information for table "classinfo"
DEBUG main org.mybatis.generator.internal.db.DatabaseIntrospector - Found column "cid", data type 4, in table "mylibrary..classinfo"
DEBUG main org.mybatis.generator.internal.db.DatabaseIntrospector - Found column "cname", data type 12, in table "mylibrary..classinfo"
DEBUG main org.mybatis.generator.internal.db.DatabaseIntrospector - Retrieving column information for table "bookinfo"
DEBUG main org.mybatis.generator.internal.db.DatabaseIntrospector - Found column "book_id", data type 4, in table "mylibrary..bookinfo"
DEBUG main org.mybatis.generator.internal.db.DatabaseIntrospector - Found column "name", data type 12, in table "mylibrary..bookinfo"
DEBUG main org.mybatis.generator.internal.db.DatabaseIntrospector - Found column "author", data type 12, in table "mylibrary..bookinfo"
DEBUG main org.mybatis.generator.internal.db.DatabaseIntrospector - Found column "publish", data type 12, in table "mylibrary..bookinfo"
DEBUG main org.mybatis.generator.internal.db.DatabaseIntrospector - Found column "ISBN", data type 12, in table "mylibrary..bookinfo"
DEBUG main org.mybatis.generator.internal.db.DatabaseIntrospector - Found column "introduction", data type 12, in table "mylibrary..bookinfo"
DEBUG main org.mybatis.generator.internal.db.DatabaseIntrospector - Found column "language", data type 12, in table "mylibrary..bookinfo"
DEBUG main org.mybatis.generator.internal.db.DatabaseIntrospector - Found column "price", data type 8, in table "mylibrary..bookinfo"
DEBUG main org.mybatis.generator.internal.db.DatabaseIntrospector - Found column "pubdate", data type 12, in table "mylibrary..bookinfo"
DEBUG main org.mybatis.generator.internal.db.DatabaseIntrospector - Found column "cid", data type 4, in table "mylibrary..bookinfo"
DEBUG main org.mybatis.generator.internal.db.DatabaseIntrospector - Found column "stock", data type 4, in table "mylibrary..bookinfo"
DEBUG main org.mybatis.generator.internal.db.DatabaseIntrospector - Retrieving column information for table "lendlist"
DEBUG main org.mybatis.generator.internal.db.DatabaseIntrospector - Found column "id", data type 4, in table "mylibrary..lendlist"
DEBUG main org.mybatis.generator.internal.db.DatabaseIntrospector - Found column "readerid", data type 12, in table "mylibrary..lendlist"
DEBUG main org.mybatis.generator.internal.db.DatabaseIntrospector - Found column "bookid", data type 4, in table "mylibrary..lendlist"
DEBUG main org.mybatis.generator.internal.db.DatabaseIntrospector - Found column "lenddate", data type 12, in table "mylibrary..lendlist"
DEBUG main org.mybatis.generator.internal.db.DatabaseIntrospector - Found column "backdate", data type 12, in table "mylibrary..lendlist"
DEBUG main org.mybatis.generator.internal.db.DatabaseIntrospector - Found column "fine", data type 8, in table "mylibrary..lendlist"
DEBUG main org.mybatis.generator.internal.db.DatabaseIntrospector - Found column "state", data type 12, in table "mylibrary..lendlist"
DEBUG main org.mybatis.generator.internal.db.DatabaseIntrospector - Retrieving column information for table "readerinfo"
DEBUG main org.mybatis.generator.internal.db.DatabaseIntrospector - Found column "id", data type 4, in table "mylibrary..readerinfo"
DEBUG main org.mybatis.generator.internal.db.DatabaseIntrospector - Found column "readerid", data type 12, in table "mylibrary..readerinfo"
DEBUG main org.mybatis.generator.internal.db.DatabaseIntrospector - Found column "name", data type 12, in table "mylibrary..readerinfo"
DEBUG main org.mybatis.generator.internal.db.DatabaseIntrospector - Found column "password", data type 12, in table "mylibrary..readerinfo"
DEBUG main org.mybatis.generator.internal.db.DatabaseIntrospector - Found column "sex", data type 12, in table "mylibrary..readerinfo"
DEBUG main org.mybatis.generator.internal.db.DatabaseIntrospector - Found column "birthday", data type 12, in table "mylibrary..readerinfo"
DEBUG main org.mybatis.generator.internal.db.DatabaseIntrospector - Found column "address", data type 12, in table "mylibrary..readerinfo"
DEBUG main org.mybatis.generator.internal.db.DatabaseIntrospector - Found column "telephone", data type 12, in table "mylibrary..readerinfo"
DEBUG main org.mybatis.generator.internal.db.DatabaseIntrospector - Found column "cardstate", data type 4, in table "mylibrary..readerinfo"
DEBUG main org.mybatis.generator.logging.LogFactory - Logging initialized using 'org.mybatis.generator.logging.slf4j.Slf4jLoggingLogFactory@4816278d' adapter.
DEBUG main org.mybatis.generator.internal.db.DatabaseIntrospector - Retrieving column information for table "admininfo"
DEBUG main org.mybatis.generator.internal.db.DatabaseIntrospector - Found column "admId", data type 12, in table "mylibrary..admininfo"
DEBUG main org.mybatis.generator.internal.db.DatabaseIntrospector - Found column "admPassword", data type 12, in table "mylibrary..admininfo"
DEBUG main org.mybatis.generator.internal.db.DatabaseIntrospector - Retrieving column information for table "classinfo"
DEBUG main org.mybatis.generator.internal.db.DatabaseIntrospector - Found column "cid", data type 4, in table "mylibrary..classinfo"
DEBUG main org.mybatis.generator.internal.db.DatabaseIntrospector - Found column "cname", data type 12, in table "mylibrary..classinfo"
DEBUG main org.mybatis.generator.internal.db.DatabaseIntrospector - Retrieving column information for table "bookinfo"
DEBUG main org.mybatis.generator.internal.db.DatabaseIntrospector - Found column "bookid", data type 4, in table "mylibrary..bookinfo"
DEBUG main org.mybatis.generator.internal.db.DatabaseIntrospector - Found column "name", data type 12, in table "mylibrary..bookinfo"
DEBUG main org.mybatis.generator.internal.db.DatabaseIntrospector - Found column "author", data type 12, in table "mylibrary..bookinfo"
DEBUG main org.mybatis.generator.internal.db.DatabaseIntrospector - Found column "publish", data type 12, in table "mylibrary..bookinfo"
DEBUG main org.mybatis.generator.internal.db.DatabaseIntrospector - Found column "ISBN", data type 12, in table "mylibrary..bookinfo"
DEBUG main org.mybatis.generator.internal.db.DatabaseIntrospector - Found column "introduction", data type 12, in table "mylibrary..bookinfo"
DEBUG main org.mybatis.generator.internal.db.DatabaseIntrospector - Found column "language", data type 12, in table "mylibrary..bookinfo"
DEBUG main org.mybatis.generator.internal.db.DatabaseIntrospector - Found column "price", data type 8, in table "mylibrary..bookinfo"
DEBUG main org.mybatis.generator.internal.db.DatabaseIntrospector - Found column "pubdate", data type 12, in table "mylibrary..bookinfo"
DEBUG main org.mybatis.generator.internal.db.DatabaseIntrospector - Found column "cid", data type 4, in table "mylibrary..bookinfo"
DEBUG main org.mybatis.generator.internal.db.DatabaseIntrospector - Found column "stock", data type 4, in table "mylibrary..bookinfo"
DEBUG main org.mybatis.generator.internal.db.DatabaseIntrospector - Retrieving column information for table "lendlist"
DEBUG main org.mybatis.generator.internal.db.DatabaseIntrospector - Found column "id", data type 4, in table "mylibrary..lendlist"
DEBUG main org.mybatis.generator.internal.db.DatabaseIntrospector - Found column "readerid", data type 12, in table "mylibrary..lendlist"
DEBUG main org.mybatis.generator.internal.db.DatabaseIntrospector - Found column "bookid", data type 4, in table "mylibrary..lendlist"
DEBUG main org.mybatis.generator.internal.db.DatabaseIntrospector - Found column "lenddate", data type 12, in table "mylibrary..lendlist"
DEBUG main org.mybatis.generator.internal.db.DatabaseIntrospector - Found column "backdate", data type 12, in table "mylibrary..lendlist"
DEBUG main org.mybatis.generator.internal.db.DatabaseIntrospector - Found column "fine", data type 8, in table "mylibrary..lendlist"
DEBUG main org.mybatis.generator.internal.db.DatabaseIntrospector - Found column "state", data type 12, in table "mylibrary..lendlist"
DEBUG main org.mybatis.generator.internal.db.DatabaseIntrospector - Retrieving column information for table "readerinfo"
DEBUG main org.mybatis.generator.internal.db.DatabaseIntrospector - Found column "id", data type 4, in table "mylibrary..readerinfo"
DEBUG main org.mybatis.generator.internal.db.DatabaseIntrospector - Found column "readerid", data type 12, in table "mylibrary..readerinfo"
DEBUG main org.mybatis.generator.internal.db.DatabaseIntrospector - Found column "name", data type 12, in table "mylibrary..readerinfo"
DEBUG main org.mybatis.generator.internal.db.DatabaseIntrospector - Found column "password", data type 12, in table "mylibrary..readerinfo"
DEBUG main org.mybatis.generator.internal.db.DatabaseIntrospector - Found column "sex", data type 12, in table "mylibrary..readerinfo"
DEBUG main org.mybatis.generator.internal.db.DatabaseIntrospector - Found column "birthday", data type 12, in table "mylibrary..readerinfo"
DEBUG main org.mybatis.generator.internal.db.DatabaseIntrospector - Found column "address", data type 12, in table "mylibrary..readerinfo"
DEBUG main org.mybatis.generator.internal.db.DatabaseIntrospector - Found column "telephone", data type 12, in table "mylibrary..readerinfo"
DEBUG main org.mybatis.generator.internal.db.DatabaseIntrospector - Found column "cardstate", data type 4, in table "mylibrary..readerinfo"
DEBUG main org.mybatis.generator.logging.LogFactory - Logging initialized using 'org.mybatis.generator.logging.slf4j.Slf4jLoggingLogFactory@46271dd6' adapter.
DEBUG main org.mybatis.generator.internal.db.DatabaseIntrospector - Retrieving column information for table "admintable"
DEBUG main org.mybatis.generator.internal.db.DatabaseIntrospector - Found column "adm_id", data type 12, in table "bookmgr..admintable"
DEBUG main org.mybatis.generator.internal.db.DatabaseIntrospector - Found column "adm_password", data type 12, in table "bookmgr..admintable"
DEBUG main org.mybatis.generator.internal.db.DatabaseIntrospector - Retrieving column information for table "book"
DEBUG main org.mybatis.generator.internal.db.DatabaseIntrospector - Found column "book_id", data type 4, in table "bookmgr..book"
DEBUG main org.mybatis.generator.internal.db.DatabaseIntrospector - Found column "book_isbn", data type 12, in table "bookmgr..book"
DEBUG main org.mybatis.generator.internal.db.DatabaseIntrospector - Found column "book_name", data type 12, in table "bookmgr..book"
DEBUG main org.mybatis.generator.internal.db.DatabaseIntrospector - Found column "book_author", data type 12, in table "bookmgr..book"
DEBUG main org.mybatis.generator.internal.db.DatabaseIntrospector - Found column "book_pub", data type 12, in table "bookmgr..book"
DEBUG main org.mybatis.generator.internal.db.DatabaseIntrospector - Found column "book_stock", data type 4, in table "bookmgr..book"
DEBUG main org.mybatis.generator.internal.db.DatabaseIntrospector - Found column "book_sort", data type 4, in table "bookmgr..book"
DEBUG main org.mybatis.generator.internal.db.DatabaseIntrospector - Found column "book_record", data type 93, in table "bookmgr..book"
DEBUG main org.mybatis.generator.internal.db.DatabaseIntrospector - Found column "book_describe", data type -1, in table "bookmgr..book"
DEBUG main org.mybatis.generator.internal.db.DatabaseIntrospector - Retrieving column information for table "book_br"
DEBUG main org.mybatis.generator.internal.db.DatabaseIntrospector - Found column "id", data type 4, in table "bookmgr..book_br"
DEBUG main org.mybatis.generator.internal.db.DatabaseIntrospector - Found column "user_id", data type 4, in table "bookmgr..book_br"
DEBUG main org.mybatis.generator.internal.db.DatabaseIntrospector - Found column "book_id", data type 4, in table "bookmgr..book_br"
DEBUG main org.mybatis.generator.internal.db.DatabaseIntrospector - Found column "borr_date", data type 93, in table "bookmgr..book_br"
DEBUG main org.mybatis.generator.internal.db.DatabaseIntrospector - Found column "fac_date", data type 93, in table "bookmgr..book_br"
DEBUG main org.mybatis.generator.internal.db.DatabaseIntrospector - Found column "exc_date", data type 93, in table "bookmgr..book_br"
DEBUG main org.mybatis.generator.internal.db.DatabaseIntrospector - Found column "book_tf", data type 12, in table "bookmgr..book_br"
DEBUG main org.mybatis.generator.internal.db.DatabaseIntrospector - Retrieving column information for table "book_sort"
DEBUG main org.mybatis.generator.internal.db.DatabaseIntrospector - Found column "sort_id", data type 4, in table "bookmgr..book_sort"
DEBUG main org.mybatis.generator.internal.db.DatabaseIntrospector - Found column "sort_name", data type 12, in table "bookmgr..book_sort"
DEBUG main org.mybatis.generator.internal.db.DatabaseIntrospector - Found column "sort_text", data type -1, in table "bookmgr..book_sort"
DEBUG main org.mybatis.generator.internal.db.DatabaseIntrospector - Retrieving column information for table "usertable"
DEBUG main org.mybatis.generator.internal.db.DatabaseIntrospector - Found column "user_id", data type 4, in table "bookmgr..usertable"
DEBUG main org.mybatis.generator.internal.db.DatabaseIntrospector - Found column "user_name", data type 12, in table "bookmgr..usertable"
DEBUG main org.mybatis.generator.internal.db.DatabaseIntrospector - Found column "user_sex", data type 12, in table "bookmgr..usertable"
DEBUG main org.mybatis.generator.internal.db.DatabaseIntrospector - Found column "user_age", data type 4, in table "bookmgr..usertable"
DEBUG main org.mybatis.generator.internal.db.DatabaseIntrospector - Found column "user_phone", data type 12, in table "bookmgr..usertable"
DEBUG main org.mybatis.generator.internal.db.DatabaseIntrospector - Found column "user_password", data type 12, in table "bookmgr..usertable"
DEBUG main org.mybatis.generator.internal.db.DatabaseIntrospector - Found column "user_status", data type 12, in table "bookmgr..usertable"
DEBUG main org.mybatis.generator.internal.db.DatabaseIntrospector - Found column "id", data type -3, in table "ssm..usertable"
DEBUG main org.mybatis.generator.internal.db.DatabaseIntrospector - Found column "password", data type 12, in table "ssm..usertable"
